<?xml version="1.0" encoding="UTF-8"?>
<!-- Generated by org.testng.reporters.JUnitXMLReporter -->
<testsuite hostname="DESKTOP-7746TSH" ignored="0" name="Test Runner2" tests="6" failures="0" timestamp="2023-06-08T15:51:39 IST" time="0.265" errors="0">
  <testcase name="test1" time="0.028" classname="DistributedParallelExecution.Test4"/>
  <testcase name="test2" time="0.0" classname="DistributedParallelExecution.Test4"/>
  <testcase name="test3" time="0.0" classname="DistributedParallelExecution.Test4"/>
  <testcase name="test1" time="0.015" classname="DistributedParallelExecution.Test3"/>
  <testcase name="test2" time="0.0" classname="DistributedParallelExecution.Test3"/>
  <testcase name="test3" time="0.0" classname="DistributedParallelExecution.Test3"/>
</testsuite> <!-- Test Runner2 -->
