<?xml version="1.0" encoding="UTF-8"?>
<!-- Generated by org.testng.reporters.JUnitXMLReporter -->
<testsuite hostname="DESKTOP-7746TSH" ignored="6" name="Test" tests="6" failures="0" timestamp="2023-07-04T12:13:03 IST" time="0.187" errors="0">
  <testcase name="demo1" time="0.016" classname="GroupExecution.Test1"/>
  <testcase name="demo2" time="0.0" classname="GroupExecution.Test1"/>
  <testcase name="demo1" time="0.0" classname="GroupExecution.Test2"/>
  <testcase name="demo2" time="0.015" classname="GroupExecution.Test2"/>
  <testcase name="demo1" time="0.0" classname="GroupExecution.Test3"/>
  <testcase name="demo2" time="0.016" classname="GroupExecution.Test3"/>
  <testcase name="demo3" time="0.0" classname="GroupExecution.Test1">
    <ignored/>
  </testcase> <!-- demo3 -->
  <testcase name="demo4" time="0.0" classname="GroupExecution.Test2">
    <ignored/>
  </testcase> <!-- demo4 -->
  <testcase name="demo3" time="0.0" classname="GroupExecution.Test3">
    <ignored/>
  </testcase> <!-- demo3 -->
  <testcase name="demo4" time="0.0" classname="GroupExecution.Test1">
    <ignored/>
  </testcase> <!-- demo4 -->
  <testcase name="demo3" time="0.0" classname="GroupExecution.Test2">
    <ignored/>
  </testcase> <!-- demo3 -->
  <testcase name="demo4" time="0.0" classname="GroupExecution.Test3">
    <ignored/>
  </testcase> <!-- demo4 -->
</testsuite> <!-- Test -->
